<?xml version="1.0" encoding="UTF-8"?>
<!-- Generated by org.testng.reporters.JUnitReportReporter -->
<testsuite hostname="DESKTOP-6STC8NR" failures="0" tests="1" name="tests.LoginTest" time="7.331" errors="0" timestamp="2025-05-15T16:12:12 EDT" skipped="0">
  <testcase classname="tests.LoginTest" name="testValidLogin" time="7.331"/>
</testsuite> <!-- tests.LoginTest -->
